Arguments: 
  /Users/striffly/.nvm/versions/node/v8.9.4/bin/node /Users/striffly/.yarn/bin/yarn.js

PATH: 
  /Users/striffly/.phpbrew/php/php-7.2.4/bin:/Users/striffly/.phpbrew/bin:/Users/striffly/.yarn/bin:/Users/striffly/.config/yarn/global/node_modules/.bin:/Users/striffly/.nvm/versions/node/v8.9.4/bin:/usr/local/bin:/usr/bin:/bin:/usr/sbin:/sbin:/opt/X11/bin:/Library/Frameworks/Mono.framework/Versions/Current/Commands

Yarn version: 
  1.7.0

Node version: 
  8.9.4

Platform: 
  darwin x64

Trace: 
  SyntaxError: /Users/striffly/Sites/tarteaucitron.js/craft3-tarteaucitron/craft3-tarteaucitron/package.json: Unexpected token } in JSON at position 772
      at JSON.parse (<anonymous>)
      at /Users/striffly/.yarn/lib/cli.js:1130:59
      at Generator.next (<anonymous>)
      at step (/Users/striffly/.yarn/lib/cli.js:98:30)
      at /Users/striffly/.yarn/lib/cli.js:109:13
      at <anonymous>

npm manifest: 
  {
    "name": "craft-tarteaucitron",
    "version": "1.0.0",
    "description": "tarteaucitron.js integration for Craft CMS 3",
    "scripts": {
      "test": "echo \"Error: no test specified\" && exit 1",
      "webpack": "./node_modules/.bin/webpack"
    },
    "author": "Clément Gayot",
    "license": "BSD-3-Clause",
    "devDependencies": {
      "assets-webpack-plugin": "^3.5.1",
      "babel-core": "^6.26.3",
      "babel-loader": "^7.1.4",
      "babel-preset-env": "^1.7.0",
      "clean-webpack-plugin": "^0.1.16",
      "css-loader": "^0.27.3",
      "extract-text-webpack-plugin": "^2.1.0",
      "file-loader": "^0.10.1",
      "node-sass": "^4.5.1",
      "sass-loader": "^6.0.3",
      "style-loader": "^0.14.1",
      "webpack": "^2.2.1",
      "webpack-extraneous-file-cleanup-plugin": "^2.0.0",
    }
  }

yarn manifest: 
  No manifest

Lockfile: 
  No lockfile
